2024-02-24 21:06:38,771 INFO [DefaultDispatcher-worker-2] Application [ApplicationEngineEnvironmentReloading.kt:161] -- Autoreload is disabled because the development mode is off.
2024-02-24 21:06:39,033 INFO [MLog-Init-Reporter] c.m.v.l.MLog [Slf4jMLog.java:212] -- MLog clients using slf4j logging.
2024-02-24 21:06:39,108 INFO [DefaultDispatcher-worker-2] c.m.v.c.C3P0Registry [Slf4jMLog.java:212] -- Initializing c3p0-0.9.5.5 [built 11-December-2019 22:18:33 -0800; debug? true; trace: 10]
2024-02-24 21:06:39,163 INFO [DefaultDispatcher-worker-2] c.m.v.c.i.AbstractPoolBackedDataSource [Slf4jMLog.java:212] -- Initializing c3p0 pool... com.mchange.v2.c3p0.ComboPooledDataSource [ acquireIncrement -> 5, acquireRetryAttempts -> 30, acquireRetryDelay -> 1000, autoCommitOnClose -> false, automaticTestTable -> null, breakAfterAcquireFailure -> false, checkoutTimeout -> 0, connectionCustomizerClassName -> null, connectionTesterClassName -> com.mchange.v2.c3p0.impl.DefaultConnectionTester, contextClassLoaderSource -> caller, dataSourceName -> z8kfsxb11p8s1xpztkmq7|5b0b42fd, debugUnreturnedConnectionStackTraces -> false, description -> null, driverClass -> org.mariadb.jdbc.Driver, extensions -> {}, factoryClassLocation -> null, forceIgnoreUnresolvedTransactions -> false, forceSynchronousCheckins -> false, forceUseNamedDriverClass -> false, identityToken -> z8kfsxb11p8s1xpztkmq7|5b0b42fd, idleConnectionTestPeriod -> 0, initialPoolSize -> 3, jdbcUrl -> jdbc:mariadb://localhost:3306/kaamelott-gif, maxAdministrativeTaskTime -> 0, maxConnectionAge -> 0, maxIdleTime -> 0, maxIdleTimeExcessConnections -> 0, maxPoolSize -> 10, maxStatements -> 0, maxStatementsPerConnection -> 0, minPoolSize -> 5, numHelperThreads -> 3, preferredTestQuery -> null, privilegeSpawnedThreads -> false, properties -> {password=******, user=******}, propertyCycle -> 0, statementCacheNumDeferredCloseThreads -> 0, testConnectionOnCheckin -> false, testConnectionOnCheckout -> false, unreturnedConnectionTimeout -> 0, userOverrides -> {}, usesTraditionalReflectiveProxies -> false ]
2024-02-24 21:06:39,174 WARN [DefaultDispatcher-worker-2] c.m.v.r.BasicResourcePool [Slf4jMLog.java:220] -- Bad pool size config, start 3 < min 5. Using 5 as start.
2024-02-24 21:06:39,245 INFO [DefaultDispatcher-worker-2] o.k.database [NativeMethodAccessorImpl.java:-2] -- Connected to jdbc:mariadb://localhost/kaamelott-gif?user=root&password=***, productName: MariaDB, productVersion: 11.2.3-MariaDB-1:11.2.3+maria~ubu2204, logger: org.ktorm.logging.Slf4jLoggerAdapter@6e4dcbe8, dialect: org.ktorm.support.mysql.MySqlDialect@3547fcc7
2024-02-24 21:06:39,252 INFO [DefaultDispatcher-worker-2] Application [BaseApplicationEngine.kt:65] -- Application started in 0.513 seconds.
2024-02-24 21:06:39,253 INFO [DefaultDispatcher-worker-2] Application [CallLogging.kt:45] -- Application started: io.ktor.server.application.Application@1c56d98
2024-02-24 21:06:39,272 INFO [DefaultDispatcher-worker-3] Application [BaseApplicationEngine.kt:77] -- Responding at http://0.0.0.0:8088
2024-02-24 21:07:09,605 INFO [DefaultDispatcher-worker-6] Application [CallLogging.kt:45] -- Application stopping: io.ktor.server.application.Application@1c56d98
2024-02-25 19:53:37,002 INFO [DefaultDispatcher-worker-2] Application [ApplicationEngineEnvironmentReloading.kt:161] -- Autoreload is disabled because the development mode is off.
2024-02-25 19:53:37,273 INFO [MLog-Init-Reporter] c.m.v.l.MLog [Slf4jMLog.java:212] -- MLog clients using slf4j logging.
2024-02-25 19:53:37,363 INFO [DefaultDispatcher-worker-2] c.m.v.c.C3P0Registry [Slf4jMLog.java:212] -- Initializing c3p0-0.9.5.5 [built 11-December-2019 22:18:33 -0800; debug? true; trace: 10]
2024-02-25 19:53:37,424 INFO [DefaultDispatcher-worker-2] c.m.v.c.i.AbstractPoolBackedDataSource [Slf4jMLog.java:212] -- Initializing c3p0 pool... com.mchange.v2.c3p0.ComboPooledDataSource [ acquireIncrement -> 5, acquireRetryAttempts -> 30, acquireRetryDelay -> 1000, autoCommitOnClose -> false, automaticTestTable -> null, breakAfterAcquireFailure -> false, checkoutTimeout -> 0, connectionCustomizerClassName -> null, connectionTesterClassName -> com.mchange.v2.c3p0.impl.DefaultConnectionTester, contextClassLoaderSource -> caller, dataSourceName -> z8kfsxb11qllzma1g4pa23|d188e01, debugUnreturnedConnectionStackTraces -> false, description -> null, driverClass -> org.mariadb.jdbc.Driver, extensions -> {}, factoryClassLocation -> null, forceIgnoreUnresolvedTransactions -> false, forceSynchronousCheckins -> false, forceUseNamedDriverClass -> false, identityToken -> z8kfsxb11qllzma1g4pa23|d188e01, idleConnectionTestPeriod -> 14400, initialPoolSize -> 3, jdbcUrl -> jdbc:mariadb://localhost:3306/kaamelott-gif, maxAdministrativeTaskTime -> 0, maxConnectionAge -> 0, maxIdleTime -> 28800, maxIdleTimeExcessConnections -> 0, maxPoolSize -> 10, maxStatements -> 0, maxStatementsPerConnection -> 0, minPoolSize -> 5, numHelperThreads -> 3, preferredTestQuery -> null, privilegeSpawnedThreads -> false, properties -> {password=******, user=******}, propertyCycle -> 0, statementCacheNumDeferredCloseThreads -> 0, testConnectionOnCheckin -> false, testConnectionOnCheckout -> false, unreturnedConnectionTimeout -> 0, userOverrides -> {}, usesTraditionalReflectiveProxies -> false ]
2024-02-25 19:53:37,436 WARN [DefaultDispatcher-worker-2] c.m.v.r.BasicResourcePool [Slf4jMLog.java:220] -- Bad pool size config, start 3 < min 5. Using 5 as start.
2024-02-25 19:53:37,515 INFO [DefaultDispatcher-worker-2] o.k.database [NativeMethodAccessorImpl.java:-2] -- Connected to jdbc:mariadb://localhost/kaamelott-gif?user=root&password=***, productName: MariaDB, productVersion: 11.2.3-MariaDB-1:11.2.3+maria~ubu2204, logger: org.ktorm.logging.Slf4jLoggerAdapter@36dafc47, dialect: org.ktorm.support.mysql.MySqlDialect@39c4fb24
2024-02-25 19:53:37,521 INFO [DefaultDispatcher-worker-2] Application [BaseApplicationEngine.kt:65] -- Application started in 0.562 seconds.
2024-02-25 19:53:37,521 INFO [DefaultDispatcher-worker-2] Application [CallLogging.kt:45] -- Application started: io.ktor.server.application.Application@368410b0
2024-02-25 19:53:37,538 INFO [DefaultDispatcher-worker-1] Application [BaseApplicationEngine.kt:77] -- Responding at http://0.0.0.0:8088
2024-02-25 19:56:05,646 INFO [DefaultDispatcher-worker-2] Application [CallLogging.kt:45] -- Application stopping: io.ktor.server.application.Application@368410b0
2024-02-25 19:56:05,647 INFO [DefaultDispatcher-worker-2] Application [CallLogging.kt:45] -- Application stopped: io.ktor.server.application.Application@368410b0
2024-02-25 19:56:06,924 INFO [DefaultDispatcher-worker-1] Application [ApplicationEngineEnvironmentReloading.kt:161] -- Autoreload is disabled because the development mode is off.
2024-02-25 19:56:07,360 INFO [MLog-Init-Reporter] c.m.v.l.MLog [Slf4jMLog.java:212] -- MLog clients using slf4j logging.
2024-02-25 19:56:07,462 INFO [DefaultDispatcher-worker-1] c.m.v.c.C3P0Registry [Slf4jMLog.java:212] -- Initializing c3p0-0.9.5.5 [built 11-December-2019 22:18:33 -0800; debug? true; trace: 10]
2024-02-25 19:56:07,526 INFO [DefaultDispatcher-worker-1] c.m.v.c.i.AbstractPoolBackedDataSource [Slf4jMLog.java:212] -- Initializing c3p0 pool... com.mchange.v2.c3p0.ComboPooledDataSource [ acquireIncrement -> 5, acquireRetryAttempts -> 30, acquireRetryDelay -> 1000, autoCommitOnClose -> false, automaticTestTable -> null, breakAfterAcquireFailure -> false, checkoutTimeout -> 0, connectionCustomizerClassName -> null, connectionTesterClassName -> com.mchange.v2.c3p0.impl.DefaultConnectionTester, contextClassLoaderSource -> caller, dataSourceName -> z8kfsxb11qlp7fi18nhpdk|24b4c598, debugUnreturnedConnectionStackTraces -> false, description -> null, driverClass -> org.mariadb.jdbc.Driver, extensions -> {}, factoryClassLocation -> null, forceIgnoreUnresolvedTransactions -> false, forceSynchronousCheckins -> false, forceUseNamedDriverClass -> false, identityToken -> z8kfsxb11qlp7fi18nhpdk|24b4c598, idleConnectionTestPeriod -> 14400, initialPoolSize -> 3, jdbcUrl -> jdbc:mariadb://localhost:3306/kaamelott-gif, maxAdministrativeTaskTime -> 0, maxConnectionAge -> 0, maxIdleTime -> 28800, maxIdleTimeExcessConnections -> 0, maxPoolSize -> 10, maxStatements -> 0, maxStatementsPerConnection -> 0, minPoolSize -> 5, numHelperThreads -> 3, preferredTestQuery -> null, privilegeSpawnedThreads -> false, properties -> {password=******, user=******}, propertyCycle -> 0, statementCacheNumDeferredCloseThreads -> 0, testConnectionOnCheckin -> false, testConnectionOnCheckout -> false, unreturnedConnectionTimeout -> 0, userOverrides -> {}, usesTraditionalReflectiveProxies -> false ]
2024-02-25 19:56:07,536 WARN [DefaultDispatcher-worker-1] c.m.v.r.BasicResourcePool [Slf4jMLog.java:220] -- Bad pool size config, start 3 < min 5. Using 5 as start.
2024-02-25 19:56:07,623 INFO [DefaultDispatcher-worker-1] o.k.database [NativeMethodAccessorImpl.java:-2] -- Connected to jdbc:mariadb://localhost/kaamelott-gif?user=root&password=***, productName: MariaDB, productVersion: 11.2.3-MariaDB-1:11.2.3+maria~ubu2204, logger: org.ktorm.logging.Slf4jLoggerAdapter@63343f01, dialect: org.ktorm.support.mysql.MySqlDialect@3ed92b84
2024-02-25 19:56:07,632 INFO [DefaultDispatcher-worker-1] Application [BaseApplicationEngine.kt:65] -- Application started in 0.763 seconds.
2024-02-25 19:56:07,632 INFO [DefaultDispatcher-worker-1] Application [CallLogging.kt:45] -- Application started: io.ktor.server.application.Application@7ecfb1f9
2024-02-25 19:56:07,657 INFO [DefaultDispatcher-worker-4] Application [BaseApplicationEngine.kt:77] -- Responding at http://0.0.0.0:8088
2024-02-25 21:34:13,384 INFO [DefaultDispatcher-worker-1] Application [CallLogging.kt:45] -- [31m404 Not Found[m: [36mGET[m - /api/gif in 27ms
2024-02-25 21:34:13,384 INFO [DefaultDispatcher-worker-3] Application [CallLogging.kt:45] -- [31m404 Not Found[m: [36mGET[m - /api/gif in 27ms
2024-02-25 21:34:43,153 INFO [DefaultDispatcher-worker-1] Application [CallLogging.kt:45] -- [31m404 Not Found[m: [36mGET[m - /api/gif in 1ms
2024-02-25 21:36:47,075 INFO [DefaultDispatcher-worker-6] Application [CallLogging.kt:45] -- [31m404 Not Found[m: [36mGET[m - /api/gif in 1ms
2024-02-25 21:36:48,832 INFO [DefaultDispatcher-worker-8] Application [CallLogging.kt:45] -- [31m404 Not Found[m: [36mGET[m - /api/gif in 1ms
2024-02-25 21:36:49,192 INFO [DefaultDispatcher-worker-2] Application [CallLogging.kt:45] -- [31m404 Not Found[m: [36mGET[m - /api/gif in 1ms
2024-02-25 21:36:49,328 INFO [DefaultDispatcher-worker-8] Application [CallLogging.kt:45] -- [31m404 Not Found[m: [36mGET[m - /api/gif in 0ms
2024-02-25 21:36:49,461 INFO [DefaultDispatcher-worker-6] Application [CallLogging.kt:45] -- [31m404 Not Found[m: [36mGET[m - /api/gif in 1ms
2024-02-25 21:36:49,594 INFO [DefaultDispatcher-worker-4] Application [CallLogging.kt:45] -- [31m404 Not Found[m: [36mGET[m - /api/gif in 1ms
2024-02-25 21:36:54,585 INFO [DefaultDispatcher-worker-4] Application [CallLogging.kt:45] -- Application stopping: io.ktor.server.application.Application@7ecfb1f9
2024-02-25 21:36:54,586 INFO [DefaultDispatcher-worker-4] Application [CallLogging.kt:45] -- Application stopped: io.ktor.server.application.Application@7ecfb1f9
2024-02-25 21:36:55,568 INFO [DefaultDispatcher-worker-2] Application [ApplicationEngineEnvironmentReloading.kt:161] -- Autoreload is disabled because the development mode is off.
2024-02-25 21:36:55,827 INFO [MLog-Init-Reporter] c.m.v.l.MLog [Slf4jMLog.java:212] -- MLog clients using slf4j logging.
2024-02-25 21:36:55,894 INFO [DefaultDispatcher-worker-2] c.m.v.c.C3P0Registry [Slf4jMLog.java:212] -- Initializing c3p0-0.9.5.5 [built 11-December-2019 22:18:33 -0800; debug? true; trace: 10]
2024-02-25 21:36:55,942 INFO [DefaultDispatcher-worker-2] c.m.v.c.i.AbstractPoolBackedDataSource [Slf4jMLog.java:212] -- Initializing c3p0 pool... com.mchange.v2.c3p0.ComboPooledDataSource [ acquireIncrement -> 5, acquireRetryAttempts -> 30, acquireRetryDelay -> 1000, autoCommitOnClose -> false, automaticTestTable -> null, breakAfterAcquireFailure -> false, checkoutTimeout -> 0, connectionCustomizerClassName -> null, connectionTesterClassName -> com.mchange.v2.c3p0.impl.DefaultConnectionTester, contextClassLoaderSource -> caller, dataSourceName -> z8kfsxb11qpaug91s66go2|1a23f41c, debugUnreturnedConnectionStackTraces -> false, description -> null, driverClass -> org.mariadb.jdbc.Driver, extensions -> {}, factoryClassLocation -> null, forceIgnoreUnresolvedTransactions -> false, forceSynchronousCheckins -> false, forceUseNamedDriverClass -> false, identityToken -> z8kfsxb11qpaug91s66go2|1a23f41c, idleConnectionTestPeriod -> 14400, initialPoolSize -> 3, jdbcUrl -> jdbc:mariadb://localhost:3306/kaamelott-gif, maxAdministrativeTaskTime -> 0, maxConnectionAge -> 0, maxIdleTime -> 28800, maxIdleTimeExcessConnections -> 0, maxPoolSize -> 10, maxStatements -> 0, maxStatementsPerConnection -> 0, minPoolSize -> 5, numHelperThreads -> 3, preferredTestQuery -> null, privilegeSpawnedThreads -> false, properties -> {password=******, user=******}, propertyCycle -> 0, statementCacheNumDeferredCloseThreads -> 0, testConnectionOnCheckin -> false, testConnectionOnCheckout -> false, unreturnedConnectionTimeout -> 0, userOverrides -> {}, usesTraditionalReflectiveProxies -> false ]
2024-02-25 21:36:55,950 WARN [DefaultDispatcher-worker-2] c.m.v.r.BasicResourcePool [Slf4jMLog.java:220] -- Bad pool size config, start 3 < min 5. Using 5 as start.
2024-02-25 21:36:56,024 INFO [DefaultDispatcher-worker-2] o.k.database [NativeMethodAccessorImpl.java:-2] -- Connected to jdbc:mariadb://localhost/kaamelott-gif?user=root&password=***, productName: MariaDB, productVersion: 11.2.3-MariaDB-1:11.2.3+maria~ubu2204, logger: org.ktorm.logging.Slf4jLoggerAdapter@3ac14aae, dialect: org.ktorm.support.mysql.MySqlDialect@3b0e8d57
2024-02-25 21:36:56,210 INFO [DefaultDispatcher-worker-2] Application [BaseApplicationEngine.kt:65] -- Application started in 0.683 seconds.
2024-02-25 21:36:56,210 INFO [DefaultDispatcher-worker-2] Application [CallLogging.kt:45] -- Application started: io.ktor.server.application.Application@7661c17c
2024-02-25 21:36:56,222 INFO [DefaultDispatcher-worker-3] Application [BaseApplicationEngine.kt:77] -- Responding at http://0.0.0.0:8088
2024-02-25 21:37:00,445 INFO [DefaultDispatcher-worker-3] Application [CallLogging.kt:45] -- Application stopping: io.ktor.server.application.Application@7661c17c
2024-02-25 21:37:00,445 INFO [DefaultDispatcher-worker-3] Application [CallLogging.kt:45] -- Application stopped: io.ktor.server.application.Application@7661c17c
2024-02-25 21:37:02,592 INFO [DefaultDispatcher-worker-2] Application [ApplicationEngineEnvironmentReloading.kt:161] -- Autoreload is disabled because the development mode is off.
2024-02-25 21:37:02,856 INFO [MLog-Init-Reporter] c.m.v.l.MLog [Slf4jMLog.java:212] -- MLog clients using slf4j logging.
2024-02-25 21:37:02,918 INFO [DefaultDispatcher-worker-2] c.m.v.c.C3P0Registry [Slf4jMLog.java:212] -- Initializing c3p0-0.9.5.5 [built 11-December-2019 22:18:33 -0800; debug? true; trace: 10]
2024-02-25 21:37:02,959 INFO [DefaultDispatcher-worker-2] c.m.v.c.i.AbstractPoolBackedDataSource [Slf4jMLog.java:212] -- Initializing c3p0 pool... com.mchange.v2.c3p0.ComboPooledDataSource [ acquireIncrement -> 5, acquireRetryAttempts -> 30, acquireRetryDelay -> 1000, autoCommitOnClose -> false, automaticTestTable -> null, breakAfterAcquireFailure -> false, checkoutTimeout -> 0, connectionCustomizerClassName -> null, connectionTesterClassName -> com.mchange.v2.c3p0.impl.DefaultConnectionTester, contextClassLoaderSource -> caller, dataSourceName -> z8kfsxb11qpazvfuvo9xi|3b3d6ea2, debugUnreturnedConnectionStackTraces -> false, description -> null, driverClass -> org.mariadb.jdbc.Driver, extensions -> {}, factoryClassLocation -> null, forceIgnoreUnresolvedTransactions -> false, forceSynchronousCheckins -> false, forceUseNamedDriverClass -> false, identityToken -> z8kfsxb11qpazvfuvo9xi|3b3d6ea2, idleConnectionTestPeriod -> 14400, initialPoolSize -> 3, jdbcUrl -> jdbc:mariadb://localhost:3306/kaamelott-gif, maxAdministrativeTaskTime -> 0, maxConnectionAge -> 0, maxIdleTime -> 28800, maxIdleTimeExcessConnections -> 0, maxPoolSize -> 10, maxStatements -> 0, maxStatementsPerConnection -> 0, minPoolSize -> 5, numHelperThreads -> 3, preferredTestQuery -> null, privilegeSpawnedThreads -> false, properties -> {password=******, user=******}, propertyCycle -> 0, statementCacheNumDeferredCloseThreads -> 0, testConnectionOnCheckin -> false, testConnectionOnCheckout -> false, unreturnedConnectionTimeout -> 0, userOverrides -> {}, usesTraditionalReflectiveProxies -> false ]
2024-02-25 21:37:02,966 WARN [DefaultDispatcher-worker-2] c.m.v.r.BasicResourcePool [Slf4jMLog.java:220] -- Bad pool size config, start 3 < min 5. Using 5 as start.
2024-02-25 21:37:03,033 INFO [DefaultDispatcher-worker-2] o.k.database [NativeMethodAccessorImpl.java:-2] -- Connected to jdbc:mariadb://localhost/kaamelott-gif?user=root&password=***, productName: MariaDB, productVersion: 11.2.3-MariaDB-1:11.2.3+maria~ubu2204, logger: org.ktorm.logging.Slf4jLoggerAdapter@7ed47565, dialect: org.ktorm.support.mysql.MySqlDialect@30829209
2024-02-25 21:37:03,189 INFO [DefaultDispatcher-worker-2] Application [BaseApplicationEngine.kt:65] -- Application started in 0.628 seconds.
2024-02-25 21:37:03,189 INFO [DefaultDispatcher-worker-2] Application [CallLogging.kt:45] -- Application started: io.ktor.server.application.Application@8d8b66a
2024-02-25 21:37:03,201 INFO [DefaultDispatcher-worker-2] Application [BaseApplicationEngine.kt:77] -- Responding at http://0.0.0.0:8088
2024-02-25 21:37:26,496 INFO [DefaultDispatcher-worker-2] Application [CallLogging.kt:45] -- Application stopping: io.ktor.server.application.Application@8d8b66a
2024-02-25 21:37:26,497 INFO [DefaultDispatcher-worker-2] Application [CallLogging.kt:45] -- Application stopped: io.ktor.server.application.Application@8d8b66a
